<?xml version="1.0" encoding="UTF-8"?>
<!-- Generated by org.testng.reporters.JUnitReportReporter -->
<testsuite hostname="DML-05841" failures="0" tests="1" name="SeleniumLearning.SeleniumLearning.Firefox_webplayer" time="0.910" errors="0" timestamp="11 Jul 2019 12:28:08 GMT" skipped="0">
  <testcase classname="SeleniumLearning.SeleniumLearning.Firefox_webplayer" name="Login" time="0.910"/>
</testsuite> <!-- SeleniumLearning.SeleniumLearning.Firefox_webplayer -->
