<?xml version="1.0" encoding="UTF-8"?>
<!-- Generated by org.testng.reporters.JUnitReportReporter -->
<testsuite hostname="DML-05841" failures="0" tests="1" name="com.wexer.webplayer.BaseSetup" time="3.697" errors="0" timestamp="12 Jul 2019 09:37:26 GMT" skipped="0">
  <testcase classname="com.wexer.webplayer.BaseSetup" name="loginwithinvaliddata" time="3.697"/>
</testsuite> <!-- com.wexer.webplayer.BaseSetup -->
