<?xml version="1.0" encoding="UTF-8"?>
<!-- Generated by org.testng.reporters.JUnitReportReporter -->
<testsuite hostname="DML-05841" failures="0" tests="1" name="com.wexer.webplayer.BaseSetup" time="2.804" errors="0" timestamp="17 Jul 2019 11:28:42 GMT" skipped="0">
  <testcase classname="com.wexer.webplayer.BaseSetup" name="loginwithinvaliddata" time="2.804"/>
</testsuite> <!-- com.wexer.webplayer.BaseSetup -->
